<?xml version="1.0" encoding="UTF-8"?>
<!-- Generated by org.testng.reporters.JUnitReportReporter -->
<testsuite hostname="HOME-PC" failures="0" tests="1" name="com.inetbanking.testCases.TC_AddCustomerTest_003" time="16.677" errors="0" timestamp="17 Apr 2021 12:59:17 GMT" skipped="0">
  <testcase classname="com.inetbanking.testCases.TC_AddCustomerTest_003" name="addNewCustomer" time="16.677"/>
</testsuite> <!-- com.inetbanking.testCases.TC_AddCustomerTest_003 -->
