<?xml version="1.0" encoding="UTF-8"?>
<!-- Generated by org.testng.reporters.JUnitReportReporter -->
<testsuite hostname="HOME-PC" failures="0" tests="1" name="com.inetbanking.testCases.TC_LoginTest_001" time="3.201" errors="0" timestamp="17 Apr 2021 07:26:21 GMT" skipped="0">
  <testcase classname="com.inetbanking.testCases.TC_LoginTest_001" name="LoginTest" time="3.201"/>
</testsuite> <!-- com.inetbanking.testCases.TC_LoginTest_001 -->
