<?xml version="1.0" encoding="UTF-8"?>
<!-- Generated by org.testng.reporters.JUnitReportReporter -->
<testsuite hostname="HOME-PC" failures="0" tests="7" name="com.inetbanking.testCases.TC_DeleteCustomer" time="46.700" errors="0" timestamp="19 Apr 2021 13:50:32 GMT" skipped="0">
  <testcase classname="com.inetbanking.testCases.TC_DeleteCustomer" name="login" time="4.799"/>
  <testcase classname="com.inetbanking.testCases.TC_DeleteCustomer" name="deleteCustomer" time="6.752"/>
  <testcase classname="com.inetbanking.testCases.TC_DeleteCustomer" name="deleteCustomer" time="6.753"/>
  <testcase classname="com.inetbanking.testCases.TC_DeleteCustomer" name="deleteCustomer" time="6.822"/>
  <testcase classname="com.inetbanking.testCases.TC_DeleteCustomer" name="deleteCustomer" time="7.003"/>
  <testcase classname="com.inetbanking.testCases.TC_DeleteCustomer" name="deleteCustomer" time="7.472"/>
  <testcase classname="com.inetbanking.testCases.TC_DeleteCustomer" name="deleteCustomer" time="7.099"/>
</testsuite> <!-- com.inetbanking.testCases.TC_DeleteCustomer -->
